2024-12-26 17:47:40 INFO  com.zaxxer.hikari.HikariDataSource - HikariPool-1 - Starting...
2024-12-26 17:47:40 INFO  com.zaxxer.hikari.pool.HikariPool - HikariPool-1 - Added connection org.postgresql.jdbc.PgConnection@28b46423
2024-12-26 17:47:40 INFO  com.zaxxer.hikari.HikariDataSource - HikariPool-1 - Start completed.
2024-12-26 17:48:22 INFO  o.b.f.b.c.CreateAccountController - PersonCreateController initialized
2024-12-26 17:48:22 INFO  o.b.f.b.c.CreateAccountController - PersonCreateController initialized
2024-12-26 17:51:23 INFO  com.zaxxer.hikari.HikariDataSource - HikariPool-1 - Starting...
2024-12-26 17:51:24 INFO  com.zaxxer.hikari.pool.HikariPool - HikariPool-1 - Added connection org.postgresql.jdbc.PgConnection@1c852c0f
2024-12-26 17:51:24 INFO  com.zaxxer.hikari.HikariDataSource - HikariPool-1 - Start completed.
2024-12-26 17:51:51 INFO  o.b.f.b.c.CreateAccountController - PersonCreateController initialized
2024-12-26 17:51:51 INFO  o.b.f.b.c.CreateAccountController - PersonCreateController initialized
2024-12-26 18:05:01 INFO  com.zaxxer.hikari.HikariDataSource - HikariPool-1 - Starting...
2024-12-26 18:05:01 INFO  com.zaxxer.hikari.pool.HikariPool - HikariPool-1 - Added connection org.postgresql.jdbc.PgConnection@1c852c0f
2024-12-26 18:05:01 INFO  com.zaxxer.hikari.HikariDataSource - HikariPool-1 - Start completed.
2024-12-26 18:08:18 INFO  com.zaxxer.hikari.HikariDataSource - HikariPool-1 - Starting...
2024-12-26 18:08:19 INFO  com.zaxxer.hikari.pool.HikariPool - HikariPool-1 - Added connection org.postgresql.jdbc.PgConnection@1c852c0f
2024-12-26 18:08:19 INFO  com.zaxxer.hikari.HikariDataSource - HikariPool-1 - Start completed.
2024-12-26 18:09:33 INFO  com.zaxxer.hikari.HikariDataSource - HikariPool-1 - Starting...
2024-12-26 18:09:33 INFO  com.zaxxer.hikari.pool.HikariPool - HikariPool-1 - Added connection org.postgresql.jdbc.PgConnection@1c852c0f
2024-12-26 18:09:33 INFO  com.zaxxer.hikari.HikariDataSource - HikariPool-1 - Start completed.
2024-12-26 18:16:20 INFO  com.zaxxer.hikari.HikariDataSource - HikariPool-1 - Starting...
2024-12-26 18:16:21 INFO  com.zaxxer.hikari.pool.HikariPool - HikariPool-1 - Added connection org.postgresql.jdbc.PgConnection@1c852c0f
2024-12-26 18:16:21 INFO  com.zaxxer.hikari.HikariDataSource - HikariPool-1 - Start completed.
2024-12-26 18:16:53 INFO  o.b.f.b.c.CreateAccountController - PersonCreateController initialized
2024-12-26 18:16:53 INFO  o.b.f.b.c.CreateAccountController - PersonCreateController initialized
2024-12-26 18:44:24 INFO  com.zaxxer.hikari.HikariDataSource - HikariPool-1 - Starting...
2024-12-26 18:44:25 INFO  com.zaxxer.hikari.pool.HikariPool - HikariPool-1 - Added connection org.postgresql.jdbc.PgConnection@1c852c0f
2024-12-26 18:44:25 INFO  com.zaxxer.hikari.HikariDataSource - HikariPool-1 - Start completed.
2024-12-26 18:47:46 INFO  com.zaxxer.hikari.HikariDataSource - HikariPool-1 - Starting...
2024-12-26 18:47:46 INFO  com.zaxxer.hikari.pool.HikariPool - HikariPool-1 - Added connection org.postgresql.jdbc.PgConnection@1c852c0f
2024-12-26 18:47:46 INFO  com.zaxxer.hikari.HikariDataSource - HikariPool-1 - Start completed.
2024-12-26 19:02:15 INFO  com.zaxxer.hikari.HikariDataSource - HikariPool-1 - Starting...
2024-12-26 19:02:15 INFO  com.zaxxer.hikari.pool.HikariPool - HikariPool-1 - Added connection org.postgresql.jdbc.PgConnection@1c852c0f
2024-12-26 19:02:15 INFO  com.zaxxer.hikari.HikariDataSource - HikariPool-1 - Start completed.
2024-12-26 19:07:13 INFO  com.zaxxer.hikari.HikariDataSource - HikariPool-1 - Starting...
2024-12-26 19:07:13 INFO  com.zaxxer.hikari.pool.HikariPool - HikariPool-1 - Added connection org.postgresql.jdbc.PgConnection@1c852c0f
2024-12-26 19:07:13 INFO  com.zaxxer.hikari.HikariDataSource - HikariPool-1 - Start completed.
2024-12-26 19:11:23 INFO  com.zaxxer.hikari.HikariDataSource - HikariPool-1 - Starting...
2024-12-26 19:11:23 INFO  com.zaxxer.hikari.pool.HikariPool - HikariPool-1 - Added connection org.postgresql.jdbc.PgConnection@1c852c0f
2024-12-26 19:11:23 INFO  com.zaxxer.hikari.HikariDataSource - HikariPool-1 - Start completed.
2024-12-26 19:12:05 INFO  com.zaxxer.hikari.HikariDataSource - HikariPool-1 - Starting...
2024-12-26 19:12:06 INFO  com.zaxxer.hikari.pool.HikariPool - HikariPool-1 - Added connection org.postgresql.jdbc.PgConnection@1c852c0f
2024-12-26 19:12:06 INFO  com.zaxxer.hikari.HikariDataSource - HikariPool-1 - Start completed.
2024-12-26 19:14:46 INFO  com.zaxxer.hikari.HikariDataSource - HikariPool-1 - Starting...
2024-12-26 19:14:46 INFO  com.zaxxer.hikari.pool.HikariPool - HikariPool-1 - Added connection org.postgresql.jdbc.PgConnection@1c852c0f
2024-12-26 19:14:46 INFO  com.zaxxer.hikari.HikariDataSource - HikariPool-1 - Start completed.
2024-12-26 19:17:56 INFO  com.zaxxer.hikari.HikariDataSource - HikariPool-1 - Starting...
2024-12-26 19:17:56 INFO  com.zaxxer.hikari.pool.HikariPool - HikariPool-1 - Added connection org.postgresql.jdbc.PgConnection@1c852c0f
2024-12-26 19:17:56 INFO  com.zaxxer.hikari.HikariDataSource - HikariPool-1 - Start completed.
2024-12-26 19:25:10 INFO  com.zaxxer.hikari.HikariDataSource - HikariPool-1 - Starting...
2024-12-26 19:25:10 INFO  com.zaxxer.hikari.pool.HikariPool - HikariPool-1 - Added connection org.postgresql.jdbc.PgConnection@1c852c0f
2024-12-26 19:25:10 INFO  com.zaxxer.hikari.HikariDataSource - HikariPool-1 - Start completed.
2024-12-26 19:25:59 INFO  com.zaxxer.hikari.HikariDataSource - HikariPool-1 - Starting...
2024-12-26 19:26:00 INFO  com.zaxxer.hikari.pool.HikariPool - HikariPool-1 - Added connection org.postgresql.jdbc.PgConnection@1c852c0f
2024-12-26 19:26:00 INFO  com.zaxxer.hikari.HikariDataSource - HikariPool-1 - Start completed.
2024-12-26 19:38:18 INFO  com.zaxxer.hikari.HikariDataSource - HikariPool-1 - Starting...
2024-12-26 19:38:19 INFO  com.zaxxer.hikari.pool.HikariPool - HikariPool-1 - Added connection org.postgresql.jdbc.PgConnection@1c852c0f
2024-12-26 19:38:19 INFO  com.zaxxer.hikari.HikariDataSource - HikariPool-1 - Start completed.
2024-12-26 19:38:48 INFO  com.zaxxer.hikari.HikariDataSource - HikariPool-1 - Starting...
2024-12-26 19:38:48 INFO  com.zaxxer.hikari.pool.HikariPool - HikariPool-1 - Added connection org.postgresql.jdbc.PgConnection@1c852c0f
2024-12-26 19:38:48 INFO  com.zaxxer.hikari.HikariDataSource - HikariPool-1 - Start completed.
2024-12-26 19:38:54 INFO  o.b.f.b.c.CreateAccountController - PersonCreateController initialized
2024-12-26 19:38:54 INFO  o.b.f.b.c.CreateAccountController - PersonCreateController initialized
2024-12-26 19:43:12 INFO  com.zaxxer.hikari.HikariDataSource - HikariPool-1 - Starting...
2024-12-26 19:43:12 INFO  com.zaxxer.hikari.pool.HikariPool - HikariPool-1 - Added connection org.postgresql.jdbc.PgConnection@1c852c0f
2024-12-26 19:43:12 INFO  com.zaxxer.hikari.HikariDataSource - HikariPool-1 - Start completed.
2024-12-26 19:43:18 INFO  o.b.f.b.c.CreateAccountController - PersonCreateController initialized
2024-12-26 19:43:18 INFO  o.b.f.b.c.CreateAccountController - PersonCreateController initialized
2024-12-26 19:43:53 INFO  com.zaxxer.hikari.HikariDataSource - HikariPool-1 - Starting...
2024-12-26 19:43:54 INFO  com.zaxxer.hikari.pool.HikariPool - HikariPool-1 - Added connection org.postgresql.jdbc.PgConnection@1c852c0f
2024-12-26 19:43:54 INFO  com.zaxxer.hikari.HikariDataSource - HikariPool-1 - Start completed.
2024-12-26 19:50:40 WARN  com.zaxxer.hikari.pool.HikariPool - HikariPool-1 - Thread starvation or clock leap detected (housekeeper delta=3m16s171ms651µs200ns).
2024-12-26 21:47:07 INFO  com.zaxxer.hikari.HikariDataSource - HikariPool-1 - Starting...
2024-12-26 21:47:07 INFO  com.zaxxer.hikari.pool.HikariPool - HikariPool-1 - Added connection org.postgresql.jdbc.PgConnection@1c852c0f
2024-12-26 21:47:07 INFO  com.zaxxer.hikari.HikariDataSource - HikariPool-1 - Start completed.
2024-12-26 21:48:37 INFO  o.b.f.b.c.CreateAccountController - PersonCreateController initialized
2024-12-26 21:48:37 INFO  o.b.f.b.c.CreateAccountController - PersonCreateController initialized
