2024-12-25 00:29:26 WARN  com.zaxxer.hikari.pool.HikariPool - HikariPool-1 - Thread starvation or clock leap detected (housekeeper delta=3h28s37ms134µs600ns).
2024-12-25 19:01:42 WARN  com.zaxxer.hikari.pool.HikariPool - HikariPool-1 - Thread starvation or clock leap detected (housekeeper delta=18h32m25s954ms173µs500ns).
2024-12-25 19:02:06 INFO  com.zaxxer.hikari.HikariDataSource - HikariPool-1 - Starting...
2024-12-25 19:02:07 INFO  com.zaxxer.hikari.pool.HikariPool - HikariPool-1 - Added connection org.postgresql.jdbc.PgConnection@1c852c0f
2024-12-25 19:02:07 INFO  com.zaxxer.hikari.HikariDataSource - HikariPool-1 - Start completed.
2024-12-25 19:02:56 INFO  com.zaxxer.hikari.HikariDataSource - HikariPool-1 - Starting...
2024-12-25 19:02:57 INFO  com.zaxxer.hikari.pool.HikariPool - HikariPool-1 - Added connection org.postgresql.jdbc.PgConnection@1c852c0f
2024-12-25 19:02:57 INFO  com.zaxxer.hikari.HikariDataSource - HikariPool-1 - Start completed.
2024-12-25 19:06:12 INFO  com.zaxxer.hikari.HikariDataSource - HikariPool-1 - Starting...
2024-12-25 19:06:12 INFO  com.zaxxer.hikari.pool.HikariPool - HikariPool-1 - Added connection org.postgresql.jdbc.PgConnection@1c852c0f
2024-12-25 19:06:12 INFO  com.zaxxer.hikari.HikariDataSource - HikariPool-1 - Start completed.
2024-12-25 19:09:10 INFO  com.zaxxer.hikari.HikariDataSource - HikariPool-1 - Starting...
2024-12-25 19:09:11 INFO  com.zaxxer.hikari.pool.HikariPool - HikariPool-1 - Added connection org.postgresql.jdbc.PgConnection@1c852c0f
2024-12-25 19:09:11 INFO  com.zaxxer.hikari.HikariDataSource - HikariPool-1 - Start completed.
2024-12-25 19:10:28 INFO  com.zaxxer.hikari.HikariDataSource - HikariPool-1 - Starting...
2024-12-25 19:10:28 INFO  com.zaxxer.hikari.pool.HikariPool - HikariPool-1 - Added connection org.postgresql.jdbc.PgConnection@1c852c0f
2024-12-25 19:10:28 INFO  com.zaxxer.hikari.HikariDataSource - HikariPool-1 - Start completed.
2024-12-25 19:11:06 INFO  com.zaxxer.hikari.HikariDataSource - HikariPool-1 - Starting...
2024-12-25 19:11:07 INFO  com.zaxxer.hikari.pool.HikariPool - HikariPool-1 - Added connection org.postgresql.jdbc.PgConnection@1c852c0f
2024-12-25 19:11:07 INFO  com.zaxxer.hikari.HikariDataSource - HikariPool-1 - Start completed.
2024-12-25 19:12:31 INFO  com.zaxxer.hikari.HikariDataSource - HikariPool-1 - Starting...
2024-12-25 19:12:31 INFO  com.zaxxer.hikari.pool.HikariPool - HikariPool-1 - Added connection org.postgresql.jdbc.PgConnection@1c852c0f
2024-12-25 19:12:31 INFO  com.zaxxer.hikari.HikariDataSource - HikariPool-1 - Start completed.
2024-12-25 19:18:58 INFO  com.zaxxer.hikari.HikariDataSource - HikariPool-1 - Starting...
2024-12-25 19:18:59 INFO  com.zaxxer.hikari.pool.HikariPool - HikariPool-1 - Added connection org.postgresql.jdbc.PgConnection@1c852c0f
2024-12-25 19:18:59 INFO  com.zaxxer.hikari.HikariDataSource - HikariPool-1 - Start completed.
2024-12-25 19:20:57 INFO  com.zaxxer.hikari.HikariDataSource - HikariPool-1 - Starting...
2024-12-25 19:20:58 INFO  com.zaxxer.hikari.pool.HikariPool - HikariPool-1 - Added connection org.postgresql.jdbc.PgConnection@1c852c0f
2024-12-25 19:20:58 INFO  com.zaxxer.hikari.HikariDataSource - HikariPool-1 - Start completed.
2024-12-25 19:22:41 INFO  com.zaxxer.hikari.HikariDataSource - HikariPool-1 - Starting...
2024-12-25 19:22:42 INFO  com.zaxxer.hikari.pool.HikariPool - HikariPool-1 - Added connection org.postgresql.jdbc.PgConnection@1c852c0f
2024-12-25 19:22:42 INFO  com.zaxxer.hikari.HikariDataSource - HikariPool-1 - Start completed.
2024-12-25 19:25:07 INFO  com.zaxxer.hikari.HikariDataSource - HikariPool-1 - Starting...
2024-12-25 19:25:07 INFO  com.zaxxer.hikari.pool.HikariPool - HikariPool-1 - Added connection org.postgresql.jdbc.PgConnection@1c852c0f
2024-12-25 19:25:07 INFO  com.zaxxer.hikari.HikariDataSource - HikariPool-1 - Start completed.
2024-12-25 19:27:26 INFO  com.zaxxer.hikari.HikariDataSource - HikariPool-1 - Starting...
2024-12-25 19:27:27 INFO  com.zaxxer.hikari.pool.HikariPool - HikariPool-1 - Added connection org.postgresql.jdbc.PgConnection@1c852c0f
2024-12-25 19:27:27 INFO  com.zaxxer.hikari.HikariDataSource - HikariPool-1 - Start completed.
2024-12-25 19:30:43 INFO  com.zaxxer.hikari.HikariDataSource - HikariPool-1 - Starting...
2024-12-25 19:30:44 INFO  com.zaxxer.hikari.pool.HikariPool - HikariPool-1 - Added connection org.postgresql.jdbc.PgConnection@1c852c0f
2024-12-25 19:30:44 INFO  com.zaxxer.hikari.HikariDataSource - HikariPool-1 - Start completed.
2024-12-25 19:32:25 INFO  com.zaxxer.hikari.HikariDataSource - HikariPool-1 - Starting...
2024-12-25 19:32:25 INFO  com.zaxxer.hikari.pool.HikariPool - HikariPool-1 - Added connection org.postgresql.jdbc.PgConnection@1c852c0f
2024-12-25 19:32:25 INFO  com.zaxxer.hikari.HikariDataSource - HikariPool-1 - Start completed.
2024-12-25 19:33:40 INFO  com.zaxxer.hikari.HikariDataSource - HikariPool-1 - Starting...
2024-12-25 19:33:41 INFO  com.zaxxer.hikari.pool.HikariPool - HikariPool-1 - Added connection org.postgresql.jdbc.PgConnection@1c852c0f
2024-12-25 19:33:41 INFO  com.zaxxer.hikari.HikariDataSource - HikariPool-1 - Start completed.
2024-12-25 19:34:53 INFO  com.zaxxer.hikari.HikariDataSource - HikariPool-1 - Starting...
2024-12-25 19:34:53 INFO  com.zaxxer.hikari.pool.HikariPool - HikariPool-1 - Added connection org.postgresql.jdbc.PgConnection@1c852c0f
2024-12-25 19:34:53 INFO  com.zaxxer.hikari.HikariDataSource - HikariPool-1 - Start completed.
2024-12-25 19:35:29 INFO  com.zaxxer.hikari.HikariDataSource - HikariPool-1 - Starting...
2024-12-25 19:35:29 INFO  com.zaxxer.hikari.pool.HikariPool - HikariPool-1 - Added connection org.postgresql.jdbc.PgConnection@1c852c0f
2024-12-25 19:35:29 INFO  com.zaxxer.hikari.HikariDataSource - HikariPool-1 - Start completed.
2024-12-25 19:36:32 INFO  com.zaxxer.hikari.HikariDataSource - HikariPool-1 - Starting...
2024-12-25 19:36:33 INFO  com.zaxxer.hikari.pool.HikariPool - HikariPool-1 - Added connection org.postgresql.jdbc.PgConnection@1c852c0f
2024-12-25 19:36:33 INFO  com.zaxxer.hikari.HikariDataSource - HikariPool-1 - Start completed.
2024-12-25 19:37:21 INFO  com.zaxxer.hikari.HikariDataSource - HikariPool-1 - Starting...
2024-12-25 19:37:22 INFO  com.zaxxer.hikari.pool.HikariPool - HikariPool-1 - Added connection org.postgresql.jdbc.PgConnection@1c852c0f
2024-12-25 19:37:22 INFO  com.zaxxer.hikari.HikariDataSource - HikariPool-1 - Start completed.
2024-12-25 19:38:08 INFO  com.zaxxer.hikari.HikariDataSource - HikariPool-1 - Starting...
2024-12-25 19:38:09 INFO  com.zaxxer.hikari.pool.HikariPool - HikariPool-1 - Added connection org.postgresql.jdbc.PgConnection@1c852c0f
2024-12-25 19:38:09 INFO  com.zaxxer.hikari.HikariDataSource - HikariPool-1 - Start completed.
2024-12-25 19:39:05 INFO  com.zaxxer.hikari.HikariDataSource - HikariPool-1 - Starting...
2024-12-25 19:39:06 INFO  com.zaxxer.hikari.pool.HikariPool - HikariPool-1 - Added connection org.postgresql.jdbc.PgConnection@1c852c0f
2024-12-25 19:39:06 INFO  com.zaxxer.hikari.HikariDataSource - HikariPool-1 - Start completed.
2024-12-25 19:39:37 INFO  o.b.f.b.c.CreateAccountController - PersonCreateController initialized
2024-12-25 19:39:37 INFO  o.b.f.b.c.CreateAccountController - PersonCreateController initialized
2024-12-25 19:39:50 INFO  o.b.f.b.c.CreateAccountController - PersonCreateController initialized
2024-12-25 19:39:50 INFO  o.b.f.b.c.CreateAccountController - PersonCreateController initialized
2024-12-25 19:40:01 INFO  o.b.f.b.c.CreateAccountController - PersonCreateController initialized
2024-12-25 19:40:01 INFO  o.b.f.b.c.CreateAccountController - PersonCreateController initialized
2024-12-25 19:43:48 INFO  com.zaxxer.hikari.HikariDataSource - HikariPool-1 - Starting...
2024-12-25 19:43:49 INFO  com.zaxxer.hikari.pool.HikariPool - HikariPool-1 - Added connection org.postgresql.jdbc.PgConnection@1c852c0f
2024-12-25 19:43:49 INFO  com.zaxxer.hikari.HikariDataSource - HikariPool-1 - Start completed.
2024-12-25 19:43:57 INFO  o.b.f.b.c.CreateAccountController - PersonCreateController initialized
2024-12-25 19:43:57 INFO  o.b.f.b.c.CreateAccountController - PersonCreateController initialized
2024-12-25 19:44:53 INFO  com.zaxxer.hikari.HikariDataSource - HikariPool-1 - Starting...
2024-12-25 19:44:54 INFO  com.zaxxer.hikari.pool.HikariPool - HikariPool-1 - Added connection org.postgresql.jdbc.PgConnection@1c852c0f
2024-12-25 19:44:54 INFO  com.zaxxer.hikari.HikariDataSource - HikariPool-1 - Start completed.
2024-12-25 19:45:01 INFO  o.b.f.b.c.CreateAccountController - PersonCreateController initialized
2024-12-25 19:45:01 INFO  o.b.f.b.c.CreateAccountController - PersonCreateController initialized
2024-12-25 19:46:35 INFO  com.zaxxer.hikari.HikariDataSource - HikariPool-1 - Starting...
2024-12-25 19:46:35 INFO  com.zaxxer.hikari.pool.HikariPool - HikariPool-1 - Added connection org.postgresql.jdbc.PgConnection@1c852c0f
2024-12-25 19:46:35 INFO  com.zaxxer.hikari.HikariDataSource - HikariPool-1 - Start completed.
2024-12-25 19:47:04 INFO  o.b.f.b.c.CreateAccountController - PersonCreateController initialized
2024-12-25 19:47:04 INFO  o.b.f.b.c.CreateAccountController - PersonCreateController initialized
2024-12-25 19:49:25 INFO  com.zaxxer.hikari.HikariDataSource - HikariPool-1 - Starting...
2024-12-25 19:49:25 INFO  com.zaxxer.hikari.pool.HikariPool - HikariPool-1 - Added connection org.postgresql.jdbc.PgConnection@1c852c0f
2024-12-25 19:49:25 INFO  com.zaxxer.hikari.HikariDataSource - HikariPool-1 - Start completed.
2024-12-25 19:49:31 INFO  o.b.f.b.c.CreateAccountController - PersonCreateController initialized
2024-12-25 19:49:31 INFO  o.b.f.b.c.CreateAccountController - PersonCreateController initialized
2024-12-25 19:50:50 INFO  com.zaxxer.hikari.HikariDataSource - HikariPool-1 - Starting...
2024-12-25 19:50:51 INFO  com.zaxxer.hikari.pool.HikariPool - HikariPool-1 - Added connection org.postgresql.jdbc.PgConnection@1c852c0f
2024-12-25 19:50:51 INFO  com.zaxxer.hikari.HikariDataSource - HikariPool-1 - Start completed.
2024-12-25 19:50:58 INFO  o.b.f.b.c.CreateAccountController - PersonCreateController initialized
2024-12-25 19:50:58 INFO  o.b.f.b.c.CreateAccountController - PersonCreateController initialized
2024-12-25 19:52:53 INFO  com.zaxxer.hikari.HikariDataSource - HikariPool-1 - Starting...
2024-12-25 19:52:54 INFO  com.zaxxer.hikari.pool.HikariPool - HikariPool-1 - Added connection org.postgresql.jdbc.PgConnection@1c852c0f
2024-12-25 19:52:54 INFO  com.zaxxer.hikari.HikariDataSource - HikariPool-1 - Start completed.
2024-12-25 19:53:01 INFO  o.b.f.b.c.CreateAccountController - PersonCreateController initialized
2024-12-25 19:53:01 INFO  o.b.f.b.c.CreateAccountController - PersonCreateController initialized
2024-12-25 19:54:41 INFO  com.zaxxer.hikari.HikariDataSource - HikariPool-1 - Starting...
2024-12-25 19:54:41 INFO  com.zaxxer.hikari.pool.HikariPool - HikariPool-1 - Added connection org.postgresql.jdbc.PgConnection@1c852c0f
2024-12-25 19:54:41 INFO  com.zaxxer.hikari.HikariDataSource - HikariPool-1 - Start completed.
2024-12-25 19:54:49 INFO  o.b.f.b.c.CreateAccountController - PersonCreateController initialized
2024-12-25 19:54:49 INFO  o.b.f.b.c.CreateAccountController - PersonCreateController initialized
2024-12-25 19:56:26 INFO  com.zaxxer.hikari.HikariDataSource - HikariPool-1 - Starting...
2024-12-25 19:56:27 INFO  com.zaxxer.hikari.pool.HikariPool - HikariPool-1 - Added connection org.postgresql.jdbc.PgConnection@1c852c0f
2024-12-25 19:56:27 INFO  com.zaxxer.hikari.HikariDataSource - HikariPool-1 - Start completed.
2024-12-25 19:56:49 INFO  o.b.f.b.c.CreateAccountController - PersonCreateController initialized
2024-12-25 19:56:49 INFO  o.b.f.b.c.CreateAccountController - PersonCreateController initialized
2024-12-25 19:57:51 INFO  com.zaxxer.hikari.HikariDataSource - HikariPool-1 - Starting...
2024-12-25 19:57:53 INFO  com.zaxxer.hikari.pool.HikariPool - HikariPool-1 - Added connection org.postgresql.jdbc.PgConnection@1c852c0f
2024-12-25 19:57:53 INFO  com.zaxxer.hikari.HikariDataSource - HikariPool-1 - Start completed.
2024-12-25 19:58:00 INFO  o.b.f.b.c.CreateAccountController - PersonCreateController initialized
2024-12-25 19:58:00 INFO  o.b.f.b.c.CreateAccountController - PersonCreateController initialized
2024-12-25 19:58:52 INFO  com.zaxxer.hikari.HikariDataSource - HikariPool-1 - Starting...
2024-12-25 19:58:53 INFO  com.zaxxer.hikari.pool.HikariPool - HikariPool-1 - Added connection org.postgresql.jdbc.PgConnection@1c852c0f
2024-12-25 19:58:53 INFO  com.zaxxer.hikari.HikariDataSource - HikariPool-1 - Start completed.
2024-12-25 19:59:01 INFO  o.b.f.b.c.CreateAccountController - PersonCreateController initialized
2024-12-25 19:59:01 INFO  o.b.f.b.c.CreateAccountController - PersonCreateController initialized
2024-12-25 20:00:30 INFO  com.zaxxer.hikari.HikariDataSource - HikariPool-1 - Starting...
2024-12-25 20:00:31 INFO  com.zaxxer.hikari.pool.HikariPool - HikariPool-1 - Added connection org.postgresql.jdbc.PgConnection@1c852c0f
2024-12-25 20:00:31 INFO  com.zaxxer.hikari.HikariDataSource - HikariPool-1 - Start completed.
2024-12-25 20:00:39 INFO  o.b.f.b.c.CreateAccountController - PersonCreateController initialized
2024-12-25 20:00:39 INFO  o.b.f.b.c.CreateAccountController - PersonCreateController initialized
2024-12-25 20:02:29 INFO  com.zaxxer.hikari.HikariDataSource - HikariPool-1 - Starting...
2024-12-25 20:02:30 INFO  com.zaxxer.hikari.pool.HikariPool - HikariPool-1 - Added connection org.postgresql.jdbc.PgConnection@1c852c0f
2024-12-25 20:02:30 INFO  com.zaxxer.hikari.HikariDataSource - HikariPool-1 - Start completed.
2024-12-25 20:03:23 INFO  com.zaxxer.hikari.HikariDataSource - HikariPool-1 - Starting...
2024-12-25 20:03:24 INFO  com.zaxxer.hikari.pool.HikariPool - HikariPool-1 - Added connection org.postgresql.jdbc.PgConnection@1c852c0f
2024-12-25 20:03:24 INFO  com.zaxxer.hikari.HikariDataSource - HikariPool-1 - Start completed.
2024-12-25 20:21:40 INFO  com.zaxxer.hikari.HikariDataSource - HikariPool-1 - Starting...
2024-12-25 20:21:40 INFO  com.zaxxer.hikari.pool.HikariPool - HikariPool-1 - Added connection org.postgresql.jdbc.PgConnection@1c852c0f
2024-12-25 20:21:40 INFO  com.zaxxer.hikari.HikariDataSource - HikariPool-1 - Start completed.
2024-12-25 20:31:03 INFO  com.zaxxer.hikari.HikariDataSource - HikariPool-1 - Starting...
2024-12-25 20:31:03 INFO  com.zaxxer.hikari.pool.HikariPool - HikariPool-1 - Added connection org.postgresql.jdbc.PgConnection@1c852c0f
2024-12-25 20:31:03 INFO  com.zaxxer.hikari.HikariDataSource - HikariPool-1 - Start completed.
2024-12-25 20:34:39 INFO  com.zaxxer.hikari.HikariDataSource - HikariPool-1 - Starting...
2024-12-25 20:34:39 INFO  com.zaxxer.hikari.pool.HikariPool - HikariPool-1 - Added connection org.postgresql.jdbc.PgConnection@1c852c0f
2024-12-25 20:34:39 INFO  com.zaxxer.hikari.HikariDataSource - HikariPool-1 - Start completed.
2024-12-25 20:36:20 INFO  com.zaxxer.hikari.HikariDataSource - HikariPool-1 - Starting...
2024-12-25 20:36:20 INFO  com.zaxxer.hikari.pool.HikariPool - HikariPool-1 - Added connection org.postgresql.jdbc.PgConnection@1c852c0f
2024-12-25 20:36:20 INFO  com.zaxxer.hikari.HikariDataSource - HikariPool-1 - Start completed.
2024-12-25 20:39:13 INFO  com.zaxxer.hikari.HikariDataSource - HikariPool-1 - Starting...
2024-12-25 20:39:14 INFO  com.zaxxer.hikari.pool.HikariPool - HikariPool-1 - Added connection org.postgresql.jdbc.PgConnection@1c852c0f
2024-12-25 20:39:14 INFO  com.zaxxer.hikari.HikariDataSource - HikariPool-1 - Start completed.
2024-12-25 20:40:21 INFO  com.zaxxer.hikari.HikariDataSource - HikariPool-1 - Starting...
2024-12-25 20:40:22 INFO  com.zaxxer.hikari.pool.HikariPool - HikariPool-1 - Added connection org.postgresql.jdbc.PgConnection@1c852c0f
2024-12-25 20:40:22 INFO  com.zaxxer.hikari.HikariDataSource - HikariPool-1 - Start completed.
2024-12-25 20:43:46 INFO  com.zaxxer.hikari.HikariDataSource - HikariPool-1 - Starting...
2024-12-25 20:43:46 INFO  com.zaxxer.hikari.pool.HikariPool - HikariPool-1 - Added connection org.postgresql.jdbc.PgConnection@1c852c0f
2024-12-25 20:43:46 INFO  com.zaxxer.hikari.HikariDataSource - HikariPool-1 - Start completed.
2024-12-25 20:45:13 INFO  com.zaxxer.hikari.HikariDataSource - HikariPool-1 - Starting...
2024-12-25 20:45:14 INFO  com.zaxxer.hikari.pool.HikariPool - HikariPool-1 - Added connection org.postgresql.jdbc.PgConnection@1c852c0f
2024-12-25 20:45:14 INFO  com.zaxxer.hikari.HikariDataSource - HikariPool-1 - Start completed.
2024-12-25 20:46:00 INFO  com.zaxxer.hikari.HikariDataSource - HikariPool-1 - Starting...
2024-12-25 20:46:01 INFO  com.zaxxer.hikari.pool.HikariPool - HikariPool-1 - Added connection org.postgresql.jdbc.PgConnection@1c852c0f
2024-12-25 20:46:01 INFO  com.zaxxer.hikari.HikariDataSource - HikariPool-1 - Start completed.
2024-12-25 20:46:38 INFO  com.zaxxer.hikari.HikariDataSource - HikariPool-1 - Starting...
2024-12-25 20:46:39 INFO  com.zaxxer.hikari.pool.HikariPool - HikariPool-1 - Added connection org.postgresql.jdbc.PgConnection@1c852c0f
2024-12-25 20:46:39 INFO  com.zaxxer.hikari.HikariDataSource - HikariPool-1 - Start completed.
2024-12-25 20:47:37 INFO  com.zaxxer.hikari.HikariDataSource - HikariPool-1 - Starting...
2024-12-25 20:47:37 INFO  com.zaxxer.hikari.pool.HikariPool - HikariPool-1 - Added connection org.postgresql.jdbc.PgConnection@1c852c0f
2024-12-25 20:47:37 INFO  com.zaxxer.hikari.HikariDataSource - HikariPool-1 - Start completed.
2024-12-25 20:55:10 INFO  com.zaxxer.hikari.HikariDataSource - HikariPool-1 - Starting...
2024-12-25 20:55:11 INFO  com.zaxxer.hikari.pool.HikariPool - HikariPool-1 - Added connection org.postgresql.jdbc.PgConnection@1c852c0f
2024-12-25 20:55:11 INFO  com.zaxxer.hikari.HikariDataSource - HikariPool-1 - Start completed.
2024-12-25 20:56:33 INFO  com.zaxxer.hikari.HikariDataSource - HikariPool-1 - Starting...
2024-12-25 20:56:34 INFO  com.zaxxer.hikari.pool.HikariPool - HikariPool-1 - Added connection org.postgresql.jdbc.PgConnection@1c852c0f
2024-12-25 20:56:34 INFO  com.zaxxer.hikari.HikariDataSource - HikariPool-1 - Start completed.
2024-12-25 20:57:18 INFO  com.zaxxer.hikari.HikariDataSource - HikariPool-1 - Starting...
2024-12-25 20:57:19 INFO  com.zaxxer.hikari.pool.HikariPool - HikariPool-1 - Added connection org.postgresql.jdbc.PgConnection@1c852c0f
2024-12-25 20:57:19 INFO  com.zaxxer.hikari.HikariDataSource - HikariPool-1 - Start completed.
2024-12-25 20:58:59 INFO  com.zaxxer.hikari.HikariDataSource - HikariPool-1 - Starting...
2024-12-25 20:59:00 INFO  com.zaxxer.hikari.pool.HikariPool - HikariPool-1 - Added connection org.postgresql.jdbc.PgConnection@1c852c0f
2024-12-25 20:59:00 INFO  com.zaxxer.hikari.HikariDataSource - HikariPool-1 - Start completed.
2024-12-25 21:00:42 INFO  com.zaxxer.hikari.HikariDataSource - HikariPool-1 - Starting...
2024-12-25 21:00:42 INFO  com.zaxxer.hikari.pool.HikariPool - HikariPool-1 - Added connection org.postgresql.jdbc.PgConnection@1c852c0f
2024-12-25 21:00:42 INFO  com.zaxxer.hikari.HikariDataSource - HikariPool-1 - Start completed.
2024-12-25 21:01:56 INFO  com.zaxxer.hikari.HikariDataSource - HikariPool-1 - Starting...
2024-12-25 21:01:56 INFO  com.zaxxer.hikari.pool.HikariPool - HikariPool-1 - Added connection org.postgresql.jdbc.PgConnection@1c852c0f
2024-12-25 21:01:56 INFO  com.zaxxer.hikari.HikariDataSource - HikariPool-1 - Start completed.
2024-12-25 21:02:29 INFO  com.zaxxer.hikari.HikariDataSource - HikariPool-1 - Starting...
2024-12-25 21:02:29 INFO  com.zaxxer.hikari.pool.HikariPool - HikariPool-1 - Added connection org.postgresql.jdbc.PgConnection@1c852c0f
2024-12-25 21:02:29 INFO  com.zaxxer.hikari.HikariDataSource - HikariPool-1 - Start completed.
2024-12-25 21:03:46 INFO  com.zaxxer.hikari.HikariDataSource - HikariPool-1 - Starting...
2024-12-25 21:03:47 INFO  com.zaxxer.hikari.pool.HikariPool - HikariPool-1 - Added connection org.postgresql.jdbc.PgConnection@1c852c0f
2024-12-25 21:03:47 INFO  com.zaxxer.hikari.HikariDataSource - HikariPool-1 - Start completed.
2024-12-25 21:04:49 INFO  com.zaxxer.hikari.HikariDataSource - HikariPool-1 - Starting...
2024-12-25 21:04:49 INFO  com.zaxxer.hikari.pool.HikariPool - HikariPool-1 - Added connection org.postgresql.jdbc.PgConnection@1c852c0f
2024-12-25 21:04:49 INFO  com.zaxxer.hikari.HikariDataSource - HikariPool-1 - Start completed.
2024-12-25 21:05:12 INFO  o.b.f.b.c.CreateAccountController - PersonCreateController initialized
2024-12-25 21:05:12 INFO  o.b.f.b.c.CreateAccountController - PersonCreateController initialized
2024-12-25 21:05:39 INFO  com.zaxxer.hikari.HikariDataSource - HikariPool-1 - Starting...
2024-12-25 21:05:40 INFO  com.zaxxer.hikari.pool.HikariPool - HikariPool-1 - Added connection org.postgresql.jdbc.PgConnection@1c852c0f
2024-12-25 21:05:40 INFO  com.zaxxer.hikari.HikariDataSource - HikariPool-1 - Start completed.
2024-12-25 21:05:46 INFO  o.b.f.b.c.CreateAccountController - PersonCreateController initialized
2024-12-25 21:05:46 INFO  o.b.f.b.c.CreateAccountController - PersonCreateController initialized
2024-12-25 21:07:51 INFO  com.zaxxer.hikari.HikariDataSource - HikariPool-1 - Starting...
2024-12-25 21:07:52 INFO  com.zaxxer.hikari.pool.HikariPool - HikariPool-1 - Added connection org.postgresql.jdbc.PgConnection@1c852c0f
2024-12-25 21:07:52 INFO  com.zaxxer.hikari.HikariDataSource - HikariPool-1 - Start completed.
2024-12-25 21:08:00 INFO  o.b.f.b.c.CreateAccountController - PersonCreateController initialized
2024-12-25 21:08:00 INFO  o.b.f.b.c.CreateAccountController - PersonCreateController initialized
2024-12-25 21:11:02 INFO  com.zaxxer.hikari.HikariDataSource - HikariPool-1 - Starting...
2024-12-25 21:11:03 INFO  com.zaxxer.hikari.pool.HikariPool - HikariPool-1 - Added connection org.postgresql.jdbc.PgConnection@1c852c0f
2024-12-25 21:11:03 INFO  com.zaxxer.hikari.HikariDataSource - HikariPool-1 - Start completed.
2024-12-25 21:13:20 INFO  com.zaxxer.hikari.HikariDataSource - HikariPool-1 - Starting...
2024-12-25 21:13:20 INFO  com.zaxxer.hikari.pool.HikariPool - HikariPool-1 - Added connection org.postgresql.jdbc.PgConnection@1c852c0f
2024-12-25 21:13:20 INFO  com.zaxxer.hikari.HikariDataSource - HikariPool-1 - Start completed.
2024-12-25 21:15:40 INFO  com.zaxxer.hikari.HikariDataSource - HikariPool-1 - Starting...
2024-12-25 21:15:40 INFO  com.zaxxer.hikari.pool.HikariPool - HikariPool-1 - Added connection org.postgresql.jdbc.PgConnection@1c852c0f
2024-12-25 21:15:40 INFO  com.zaxxer.hikari.HikariDataSource - HikariPool-1 - Start completed.
2024-12-25 21:19:30 INFO  com.zaxxer.hikari.HikariDataSource - HikariPool-1 - Starting...
2024-12-25 21:19:30 INFO  com.zaxxer.hikari.pool.HikariPool - HikariPool-1 - Added connection org.postgresql.jdbc.PgConnection@1c852c0f
2024-12-25 21:19:30 INFO  com.zaxxer.hikari.HikariDataSource - HikariPool-1 - Start completed.
2024-12-25 21:24:05 INFO  com.zaxxer.hikari.HikariDataSource - HikariPool-1 - Starting...
2024-12-25 21:24:05 INFO  com.zaxxer.hikari.pool.HikariPool - HikariPool-1 - Added connection org.postgresql.jdbc.PgConnection@1c852c0f
2024-12-25 21:24:05 INFO  com.zaxxer.hikari.HikariDataSource - HikariPool-1 - Start completed.
2024-12-25 21:27:10 INFO  com.zaxxer.hikari.HikariDataSource - HikariPool-1 - Starting...
2024-12-25 21:27:10 INFO  com.zaxxer.hikari.pool.HikariPool - HikariPool-1 - Added connection org.postgresql.jdbc.PgConnection@1c852c0f
2024-12-25 21:27:10 INFO  com.zaxxer.hikari.HikariDataSource - HikariPool-1 - Start completed.
2024-12-25 21:28:23 INFO  com.zaxxer.hikari.HikariDataSource - HikariPool-1 - Starting...
2024-12-25 21:28:23 INFO  com.zaxxer.hikari.pool.HikariPool - HikariPool-1 - Added connection org.postgresql.jdbc.PgConnection@1c852c0f
2024-12-25 21:28:23 INFO  com.zaxxer.hikari.HikariDataSource - HikariPool-1 - Start completed.
2024-12-25 21:30:38 INFO  com.zaxxer.hikari.HikariDataSource - HikariPool-1 - Starting...
2024-12-25 21:30:38 INFO  com.zaxxer.hikari.pool.HikariPool - HikariPool-1 - Added connection org.postgresql.jdbc.PgConnection@1c852c0f
2024-12-25 21:30:38 INFO  com.zaxxer.hikari.HikariDataSource - HikariPool-1 - Start completed.
2024-12-25 21:31:48 INFO  com.zaxxer.hikari.HikariDataSource - HikariPool-1 - Starting...
2024-12-25 21:31:48 INFO  com.zaxxer.hikari.pool.HikariPool - HikariPool-1 - Added connection org.postgresql.jdbc.PgConnection@1c852c0f
2024-12-25 21:31:48 INFO  com.zaxxer.hikari.HikariDataSource - HikariPool-1 - Start completed.
2024-12-25 21:35:30 INFO  com.zaxxer.hikari.HikariDataSource - HikariPool-1 - Starting...
2024-12-25 21:35:30 INFO  com.zaxxer.hikari.pool.HikariPool - HikariPool-1 - Added connection org.postgresql.jdbc.PgConnection@1c852c0f
2024-12-25 21:35:30 INFO  com.zaxxer.hikari.HikariDataSource - HikariPool-1 - Start completed.
2024-12-25 21:37:27 INFO  com.zaxxer.hikari.HikariDataSource - HikariPool-1 - Starting...
2024-12-25 21:37:28 INFO  com.zaxxer.hikari.pool.HikariPool - HikariPool-1 - Added connection org.postgresql.jdbc.PgConnection@1c852c0f
2024-12-25 21:37:28 INFO  com.zaxxer.hikari.HikariDataSource - HikariPool-1 - Start completed.
2024-12-25 21:46:18 INFO  com.zaxxer.hikari.HikariDataSource - HikariPool-1 - Starting...
2024-12-25 21:46:19 INFO  com.zaxxer.hikari.pool.HikariPool - HikariPool-1 - Added connection org.postgresql.jdbc.PgConnection@1c852c0f
2024-12-25 21:46:19 INFO  com.zaxxer.hikari.HikariDataSource - HikariPool-1 - Start completed.
2024-12-25 21:48:03 INFO  com.zaxxer.hikari.HikariDataSource - HikariPool-1 - Starting...
2024-12-25 21:48:03 INFO  com.zaxxer.hikari.pool.HikariPool - HikariPool-1 - Added connection org.postgresql.jdbc.PgConnection@1c852c0f
2024-12-25 21:48:03 INFO  com.zaxxer.hikari.HikariDataSource - HikariPool-1 - Start completed.
2024-12-25 21:48:59 INFO  com.zaxxer.hikari.HikariDataSource - HikariPool-1 - Starting...
2024-12-25 21:48:59 INFO  com.zaxxer.hikari.pool.HikariPool - HikariPool-1 - Added connection org.postgresql.jdbc.PgConnection@1c852c0f
2024-12-25 21:48:59 INFO  com.zaxxer.hikari.HikariDataSource - HikariPool-1 - Start completed.
2024-12-25 21:49:59 INFO  com.zaxxer.hikari.HikariDataSource - HikariPool-1 - Starting...
2024-12-25 21:49:59 INFO  com.zaxxer.hikari.pool.HikariPool - HikariPool-1 - Added connection org.postgresql.jdbc.PgConnection@1c852c0f
2024-12-25 21:49:59 INFO  com.zaxxer.hikari.HikariDataSource - HikariPool-1 - Start completed.
