2024-12-24 13:24:40 INFO  com.zaxxer.hikari.HikariDataSource - HikariPool-1 - Starting...
2024-12-24 13:24:41 INFO  com.zaxxer.hikari.pool.HikariPool - HikariPool-1 - Added connection org.postgresql.jdbc.PgConnection@770d3326
2024-12-24 13:24:41 INFO  com.zaxxer.hikari.HikariDataSource - HikariPool-1 - Start completed.
2024-12-24 13:33:49 INFO  com.zaxxer.hikari.HikariDataSource - HikariPool-1 - Starting...
2024-12-24 13:33:49 INFO  com.zaxxer.hikari.pool.HikariPool - HikariPool-1 - Added connection org.postgresql.jdbc.PgConnection@5fa07e12
2024-12-24 13:33:49 INFO  com.zaxxer.hikari.HikariDataSource - HikariPool-1 - Start completed.
2024-12-24 13:33:55 INFO  o.b.f.b.c.CreateAccountController - PersonCreateController initialized
2024-12-24 13:33:55 INFO  o.b.f.b.c.CreateAccountController - PersonCreateController initialized
2024-12-24 13:38:29 INFO  com.zaxxer.hikari.HikariDataSource - HikariPool-1 - Starting...
2024-12-24 13:38:29 INFO  com.zaxxer.hikari.pool.HikariPool - HikariPool-1 - Added connection org.postgresql.jdbc.PgConnection@5fa07e12
2024-12-24 13:38:29 INFO  com.zaxxer.hikari.HikariDataSource - HikariPool-1 - Start completed.
2024-12-24 13:38:35 INFO  o.b.f.b.c.CreateAccountController - PersonCreateController initialized
2024-12-24 13:38:35 INFO  o.b.f.b.c.CreateAccountController - PersonCreateController initialized
2024-12-24 14:44:14 INFO  com.zaxxer.hikari.HikariDataSource - HikariPool-1 - Starting...
2024-12-24 14:44:15 INFO  com.zaxxer.hikari.pool.HikariPool - HikariPool-1 - Added connection org.postgresql.jdbc.PgConnection@1c852c0f
2024-12-24 14:44:15 INFO  com.zaxxer.hikari.HikariDataSource - HikariPool-1 - Start completed.
2024-12-24 14:45:53 INFO  com.zaxxer.hikari.HikariDataSource - HikariPool-1 - Starting...
2024-12-24 14:45:54 ERROR com.zaxxer.hikari.pool.HikariPool - HikariPool-1 - Exception during pool initialization.
org.postgresql.util.PSQLException: Could not open SSL root certificate file C:\Users\Benedek\AppData\Roaming\postgresql\root.crt.
	at org.postgresql.ssl.LibPQFactory.<init>(LibPQFactory.java:151)
	at org.postgresql.core.SocketFactoryFactory.getSslSocketFactory(SocketFactoryFactory.java:61)
	at org.postgresql.ssl.MakeSSL.convert(MakeSSL.java:34)
	at org.postgresql.core.v3.ConnectionFactoryImpl.enableSSL(ConnectionFactoryImpl.java:620)
	at org.postgresql.core.v3.ConnectionFactoryImpl.tryConnect(ConnectionFactoryImpl.java:191)
	at org.postgresql.core.v3.ConnectionFactoryImpl.openConnectionImpl(ConnectionFactoryImpl.java:258)
	at org.postgresql.core.ConnectionFactory.openConnection(ConnectionFactory.java:54)
	at org.postgresql.jdbc.PgConnection.<init>(PgConnection.java:263)
	at org.postgresql.Driver.makeConnection(Driver.java:443)
	at org.postgresql.Driver.connect(Driver.java:297)
	at com.zaxxer.hikari.util.DriverDataSource.getConnection(DriverDataSource.java:138)
	at com.zaxxer.hikari.pool.PoolBase.newConnection(PoolBase.java:359)
	at com.zaxxer.hikari.pool.PoolBase.newPoolEntry(PoolBase.java:201)
	at com.zaxxer.hikari.pool.HikariPool.createPoolEntry(HikariPool.java:470)
	at com.zaxxer.hikari.pool.HikariPool.checkFailFast(HikariPool.java:561)
	at com.zaxxer.hikari.pool.HikariPool.<init>(HikariPool.java:100)
	at com.zaxxer.hikari.HikariDataSource.<init>(HikariDataSource.java:81)
	at org.but.feec.bds.config.DataSourceConfig.initializeDataSource(DataSourceConfig.java:53)
	at org.but.feec.bds.config.DataSourceConfig.initializeDataSource(DataSourceConfig.java:31)
	at org.but.feec.bds.Main.main(Main.java:7)
Caused by: java.io.FileNotFoundException: C:\Users\Benedek\AppData\Roaming\postgresql\root.crt (The system cannot find the path specified)
	at java.base/java.io.FileInputStream.open0(Native Method)
	at java.base/java.io.FileInputStream.open(FileInputStream.java:219)
	at java.base/java.io.FileInputStream.<init>(FileInputStream.java:159)
	at java.base/java.io.FileInputStream.<init>(FileInputStream.java:112)
	at org.postgresql.ssl.LibPQFactory.<init>(LibPQFactory.java:148)
	... 19 common frames omitted
2024-12-24 14:45:54 ERROR o.b.feec.bds.config.DataSourceConfig - Could not connect to the database.
com.zaxxer.hikari.pool.HikariPool$PoolInitializationException: Failed to initialize pool: Could not open SSL root certificate file C:\Users\Benedek\AppData\Roaming\postgresql\root.crt.
	at com.zaxxer.hikari.pool.HikariPool.throwPoolInitializationException(HikariPool.java:596)
	at com.zaxxer.hikari.pool.HikariPool.checkFailFast(HikariPool.java:582)
	at com.zaxxer.hikari.pool.HikariPool.<init>(HikariPool.java:100)
	at com.zaxxer.hikari.HikariDataSource.<init>(HikariDataSource.java:81)
	at org.but.feec.bds.config.DataSourceConfig.initializeDataSource(DataSourceConfig.java:53)
	at org.but.feec.bds.config.DataSourceConfig.initializeDataSource(DataSourceConfig.java:31)
	at org.but.feec.bds.Main.main(Main.java:7)
Caused by: org.postgresql.util.PSQLException: Could not open SSL root certificate file C:\Users\Benedek\AppData\Roaming\postgresql\root.crt.
	at org.postgresql.ssl.LibPQFactory.<init>(LibPQFactory.java:151)
	at org.postgresql.core.SocketFactoryFactory.getSslSocketFactory(SocketFactoryFactory.java:61)
	at org.postgresql.ssl.MakeSSL.convert(MakeSSL.java:34)
	at org.postgresql.core.v3.ConnectionFactoryImpl.enableSSL(ConnectionFactoryImpl.java:620)
	at org.postgresql.core.v3.ConnectionFactoryImpl.tryConnect(ConnectionFactoryImpl.java:191)
	at org.postgresql.core.v3.ConnectionFactoryImpl.openConnectionImpl(ConnectionFactoryImpl.java:258)
	at org.postgresql.core.ConnectionFactory.openConnection(ConnectionFactory.java:54)
	at org.postgresql.jdbc.PgConnection.<init>(PgConnection.java:263)
	at org.postgresql.Driver.makeConnection(Driver.java:443)
	at org.postgresql.Driver.connect(Driver.java:297)
	at com.zaxxer.hikari.util.DriverDataSource.getConnection(DriverDataSource.java:138)
	at com.zaxxer.hikari.pool.PoolBase.newConnection(PoolBase.java:359)
	at com.zaxxer.hikari.pool.PoolBase.newPoolEntry(PoolBase.java:201)
	at com.zaxxer.hikari.pool.HikariPool.createPoolEntry(HikariPool.java:470)
	at com.zaxxer.hikari.pool.HikariPool.checkFailFast(HikariPool.java:561)
	... 5 common frames omitted
Caused by: java.io.FileNotFoundException: C:\Users\Benedek\AppData\Roaming\postgresql\root.crt (The system cannot find the path specified)
	at java.base/java.io.FileInputStream.open0(Native Method)
	at java.base/java.io.FileInputStream.open(FileInputStream.java:219)
	at java.base/java.io.FileInputStream.<init>(FileInputStream.java:159)
	at java.base/java.io.FileInputStream.<init>(FileInputStream.java:112)
	at org.postgresql.ssl.LibPQFactory.<init>(LibPQFactory.java:148)
	... 19 common frames omitted
2024-12-24 14:45:54 ERROR o.b.feec.bds.config.DataSourceConfig - Could not connect to the database.
com.zaxxer.hikari.pool.HikariPool$PoolInitializationException: Failed to initialize pool: Could not open SSL root certificate file C:\Users\Benedek\AppData\Roaming\postgresql\root.crt.
	at com.zaxxer.hikari.pool.HikariPool.throwPoolInitializationException(HikariPool.java:596)
	at com.zaxxer.hikari.pool.HikariPool.checkFailFast(HikariPool.java:582)
	at com.zaxxer.hikari.pool.HikariPool.<init>(HikariPool.java:100)
	at com.zaxxer.hikari.HikariDataSource.<init>(HikariDataSource.java:81)
	at org.but.feec.bds.config.DataSourceConfig.initializeDataSource(DataSourceConfig.java:53)
	at org.but.feec.bds.config.DataSourceConfig.initializeDataSource(DataSourceConfig.java:31)
	at org.but.feec.bds.Main.main(Main.java:7)
Caused by: org.postgresql.util.PSQLException: Could not open SSL root certificate file C:\Users\Benedek\AppData\Roaming\postgresql\root.crt.
	at org.postgresql.ssl.LibPQFactory.<init>(LibPQFactory.java:151)
	at org.postgresql.core.SocketFactoryFactory.getSslSocketFactory(SocketFactoryFactory.java:61)
	at org.postgresql.ssl.MakeSSL.convert(MakeSSL.java:34)
	at org.postgresql.core.v3.ConnectionFactoryImpl.enableSSL(ConnectionFactoryImpl.java:620)
	at org.postgresql.core.v3.ConnectionFactoryImpl.tryConnect(ConnectionFactoryImpl.java:191)
	at org.postgresql.core.v3.ConnectionFactoryImpl.openConnectionImpl(ConnectionFactoryImpl.java:258)
	at org.postgresql.core.ConnectionFactory.openConnection(ConnectionFactory.java:54)
	at org.postgresql.jdbc.PgConnection.<init>(PgConnection.java:263)
	at org.postgresql.Driver.makeConnection(Driver.java:443)
	at org.postgresql.Driver.connect(Driver.java:297)
	at com.zaxxer.hikari.util.DriverDataSource.getConnection(DriverDataSource.java:138)
	at com.zaxxer.hikari.pool.PoolBase.newConnection(PoolBase.java:359)
	at com.zaxxer.hikari.pool.PoolBase.newPoolEntry(PoolBase.java:201)
	at com.zaxxer.hikari.pool.HikariPool.createPoolEntry(HikariPool.java:470)
	at com.zaxxer.hikari.pool.HikariPool.checkFailFast(HikariPool.java:561)
	... 5 common frames omitted
Caused by: java.io.FileNotFoundException: C:\Users\Benedek\AppData\Roaming\postgresql\root.crt (The system cannot find the path specified)
	at java.base/java.io.FileInputStream.open0(Native Method)
	at java.base/java.io.FileInputStream.open(FileInputStream.java:219)
	at java.base/java.io.FileInputStream.<init>(FileInputStream.java:159)
	at java.base/java.io.FileInputStream.<init>(FileInputStream.java:112)
	at org.postgresql.ssl.LibPQFactory.<init>(LibPQFactory.java:148)
	... 19 common frames omitted
2024-12-24 14:46:54 INFO  com.zaxxer.hikari.HikariDataSource - HikariPool-1 - Starting...
2024-12-24 14:46:55 INFO  com.zaxxer.hikari.pool.HikariPool - HikariPool-1 - Added connection org.postgresql.jdbc.PgConnection@1c852c0f
2024-12-24 14:46:55 INFO  com.zaxxer.hikari.HikariDataSource - HikariPool-1 - Start completed.
2024-12-24 14:50:25 INFO  com.zaxxer.hikari.HikariDataSource - HikariPool-1 - Starting...
2024-12-24 14:50:25 INFO  com.zaxxer.hikari.pool.HikariPool - HikariPool-1 - Added connection org.postgresql.jdbc.PgConnection@1c852c0f
2024-12-24 14:50:25 INFO  com.zaxxer.hikari.HikariDataSource - HikariPool-1 - Start completed.
2024-12-24 14:54:50 INFO  com.zaxxer.hikari.HikariDataSource - HikariPool-1 - Starting...
2024-12-24 14:54:50 INFO  com.zaxxer.hikari.pool.HikariPool - HikariPool-1 - Added connection org.postgresql.jdbc.PgConnection@1c852c0f
2024-12-24 14:54:50 INFO  com.zaxxer.hikari.HikariDataSource - HikariPool-1 - Start completed.
2024-12-24 14:55:13 INFO  com.zaxxer.hikari.HikariDataSource - HikariPool-1 - Starting...
2024-12-24 14:55:13 INFO  com.zaxxer.hikari.pool.HikariPool - HikariPool-1 - Added connection org.postgresql.jdbc.PgConnection@1c852c0f
2024-12-24 14:55:13 INFO  com.zaxxer.hikari.HikariDataSource - HikariPool-1 - Start completed.
2024-12-24 14:58:20 INFO  com.zaxxer.hikari.HikariDataSource - HikariPool-1 - Starting...
2024-12-24 14:58:21 INFO  com.zaxxer.hikari.pool.HikariPool - HikariPool-1 - Added connection org.postgresql.jdbc.PgConnection@1c852c0f
2024-12-24 14:58:21 INFO  com.zaxxer.hikari.HikariDataSource - HikariPool-1 - Start completed.
2024-12-24 15:02:44 INFO  com.zaxxer.hikari.HikariDataSource - HikariPool-1 - Starting...
2024-12-24 15:02:44 INFO  com.zaxxer.hikari.pool.HikariPool - HikariPool-1 - Added connection org.postgresql.jdbc.PgConnection@1c852c0f
2024-12-24 15:02:44 INFO  com.zaxxer.hikari.HikariDataSource - HikariPool-1 - Start completed.
2024-12-24 15:02:59 INFO  com.zaxxer.hikari.HikariDataSource - HikariPool-1 - Starting...
2024-12-24 15:03:00 INFO  com.zaxxer.hikari.pool.HikariPool - HikariPool-1 - Added connection org.postgresql.jdbc.PgConnection@1c852c0f
2024-12-24 15:03:00 INFO  com.zaxxer.hikari.HikariDataSource - HikariPool-1 - Start completed.
2024-12-24 15:05:27 INFO  com.zaxxer.hikari.HikariDataSource - HikariPool-1 - Starting...
2024-12-24 15:05:27 INFO  com.zaxxer.hikari.pool.HikariPool - HikariPool-1 - Added connection org.postgresql.jdbc.PgConnection@1c852c0f
2024-12-24 15:05:27 INFO  com.zaxxer.hikari.HikariDataSource - HikariPool-1 - Start completed.
2024-12-24 15:06:00 INFO  com.zaxxer.hikari.HikariDataSource - HikariPool-1 - Starting...
2024-12-24 15:06:01 INFO  com.zaxxer.hikari.pool.HikariPool - HikariPool-1 - Added connection org.postgresql.jdbc.PgConnection@1c852c0f
2024-12-24 15:06:01 INFO  com.zaxxer.hikari.HikariDataSource - HikariPool-1 - Start completed.
2024-12-24 15:16:46 INFO  com.zaxxer.hikari.HikariDataSource - HikariPool-1 - Starting...
2024-12-24 15:16:47 INFO  com.zaxxer.hikari.pool.HikariPool - HikariPool-1 - Added connection org.postgresql.jdbc.PgConnection@1c852c0f
2024-12-24 15:16:47 INFO  com.zaxxer.hikari.HikariDataSource - HikariPool-1 - Start completed.
2024-12-24 15:19:13 INFO  com.zaxxer.hikari.HikariDataSource - HikariPool-1 - Starting...
2024-12-24 15:19:13 INFO  com.zaxxer.hikari.pool.HikariPool - HikariPool-1 - Added connection org.postgresql.jdbc.PgConnection@1c852c0f
2024-12-24 15:19:13 INFO  com.zaxxer.hikari.HikariDataSource - HikariPool-1 - Start completed.
2024-12-24 15:19:49 INFO  com.zaxxer.hikari.HikariDataSource - HikariPool-1 - Starting...
2024-12-24 15:19:50 INFO  com.zaxxer.hikari.pool.HikariPool - HikariPool-1 - Added connection org.postgresql.jdbc.PgConnection@1c852c0f
2024-12-24 15:19:50 INFO  com.zaxxer.hikari.HikariDataSource - HikariPool-1 - Start completed.
2024-12-24 15:34:49 INFO  com.zaxxer.hikari.HikariDataSource - HikariPool-1 - Starting...
2024-12-24 15:34:50 INFO  com.zaxxer.hikari.pool.HikariPool - HikariPool-1 - Added connection org.postgresql.jdbc.PgConnection@1c852c0f
2024-12-24 15:34:50 INFO  com.zaxxer.hikari.HikariDataSource - HikariPool-1 - Start completed.
2024-12-24 15:39:42 INFO  com.zaxxer.hikari.HikariDataSource - HikariPool-1 - Starting...
2024-12-24 15:39:43 INFO  com.zaxxer.hikari.pool.HikariPool - HikariPool-1 - Added connection org.postgresql.jdbc.PgConnection@1c852c0f
2024-12-24 15:39:43 INFO  com.zaxxer.hikari.HikariDataSource - HikariPool-1 - Start completed.
2024-12-24 15:40:15 INFO  com.zaxxer.hikari.HikariDataSource - HikariPool-1 - Starting...
2024-12-24 15:40:15 INFO  com.zaxxer.hikari.pool.HikariPool - HikariPool-1 - Added connection org.postgresql.jdbc.PgConnection@1c852c0f
2024-12-24 15:40:15 INFO  com.zaxxer.hikari.HikariDataSource - HikariPool-1 - Start completed.
2024-12-24 15:40:37 INFO  com.zaxxer.hikari.HikariDataSource - HikariPool-1 - Starting...
2024-12-24 15:40:37 INFO  com.zaxxer.hikari.pool.HikariPool - HikariPool-1 - Added connection org.postgresql.jdbc.PgConnection@1c852c0f
2024-12-24 15:40:37 INFO  com.zaxxer.hikari.HikariDataSource - HikariPool-1 - Start completed.
2024-12-24 21:21:56 WARN  com.zaxxer.hikari.pool.HikariPool - HikariPool-1 - Thread starvation or clock leap detected (housekeeper delta=5h22m21s551ms756µs400ns).
